<?xml version="1.0" encoding="UTF-8" ?>
<testsuite tests="1" failures="0" name="com.baobaotao.place.TestPropertyPlace" time="0.219" errors="1" skipped="0">
  <properties>
    <property name="java.runtime.name" value="Java(TM) SE Runtime Environment"/>
    <property name="sun.boot.library.path" value="/home/wll/develop/1.jdk/jdk1.8.0_05/jre/lib/amd64"/>
    <property name="java.vm.version" value="25.5-b02"/>
    <property name="java.vm.vendor" value="Oracle Corporation"/>
    <property name="java.vendor.url" value="http://java.oracle.com/"/>
    <property name="path.separator" value=":"/>
    <property name="guice.disable.misplaced.annotation.check" value="true"/>
    <property name="java.vm.name" value="Java HotSpot(TM) 64-Bit Server VM"/>
    <property name="file.encoding.pkg" value="sun.io"/>
    <property name="user.country" value="US"/>
    <property name="sun.java.launcher" value="SUN_STANDARD"/>
    <property name="sun.os.patch.level" value="unknown"/>
    <property name="java.vm.specification.name" value="Java Virtual Machine Specification"/>
    <property name="user.dir" value="/home/wll/0-ProjectCode/spring3.x practice/chapter5"/>
    <property name="java.runtime.version" value="1.8.0_05-b13"/>
    <property name="java.awt.graphicsenv" value="sun.awt.X11GraphicsEnvironment"/>
    <property name="java.endorsed.dirs" value="/home/wll/develop/1.jdk/jdk1.8.0_05/jre/lib/endorsed"/>
    <property name="os.arch" value="amd64"/>
    <property name="java.io.tmpdir" value="/tmp"/>
    <property name="line.separator" value="
"/>
    <property name="java.vm.specification.vendor" value="Oracle Corporation"/>
    <property name="os.name" value="Linux"/>
    <property name="classworlds.conf" value="/home/wll/develop/5.maven/apache-maven-3.2.1/bin/m2.conf"/>
    <property name="sun.jnu.encoding" value="UTF-8"/>
    <property name="java.library.path" value="/home/wll/develop/2.idea/idea-IU-141.713.2/bin::/usr/java/packages/lib/amd64:/usr/lib64:/lib64:/lib:/usr/lib"/>
    <property name="java.specification.name" value="Java Platform API Specification"/>
    <property name="java.class.version" value="52.0"/>
    <property name="sun.management.compiler" value="HotSpot 64-Bit Tiered Compilers"/>
    <property name="os.version" value="3.13.0-24-generic"/>
    <property name="user.home" value="/home/wll"/>
    <property name="user.timezone" value="Asia/Shanghai"/>
    <property name="java.awt.printerjob" value="sun.print.PSPrinterJob"/>
    <property name="file.encoding" value="UTF-8"/>
    <property name="java.specification.version" value="1.8"/>
    <property name="user.name" value="wll"/>
    <property name="java.class.path" value="/home/wll/develop/5.maven/apache-maven-3.2.1/boot/plexus-classworlds-2.5.1.jar"/>
    <property name="org.slf4j.simpleLogger.defaultLogLevel" value="info"/>
    <property name="java.vm.specification.version" value="1.8"/>
    <property name="sun.arch.data.model" value="64"/>
    <property name="java.home" value="/home/wll/develop/1.jdk/jdk1.8.0_05/jre"/>
    <property name="sun.java.command" value="org.codehaus.plexus.classworlds.launcher.Launcher clean package"/>
    <property name="java.specification.vendor" value="Oracle Corporation"/>
    <property name="user.language" value="en"/>
    <property name="awt.toolkit" value="sun.awt.X11.XToolkit"/>
    <property name="java.vm.info" value="mixed mode"/>
    <property name="java.version" value="1.8.0_05"/>
    <property name="java.ext.dirs" value="/home/wll/develop/1.jdk/jdk1.8.0_05/jre/lib/ext:/usr/java/packages/lib/ext"/>
    <property name="securerandom.source" value="file:/dev/./urandom"/>
    <property name="sun.boot.class.path" value="/home/wll/develop/1.jdk/jdk1.8.0_05/jre/lib/resources.jar:/home/wll/develop/1.jdk/jdk1.8.0_05/jre/lib/rt.jar:/home/wll/develop/1.jdk/jdk1.8.0_05/jre/lib/sunrsasign.jar:/home/wll/develop/1.jdk/jdk1.8.0_05/jre/lib/jsse.jar:/home/wll/develop/1.jdk/jdk1.8.0_05/jre/lib/jce.jar:/home/wll/develop/1.jdk/jdk1.8.0_05/jre/lib/charsets.jar:/home/wll/develop/1.jdk/jdk1.8.0_05/jre/lib/jfr.jar:/home/wll/develop/1.jdk/jdk1.8.0_05/jre/classes"/>
    <property name="java.vendor" value="Oracle Corporation"/>
    <property name="maven.home" value="/home/wll/develop/5.maven/apache-maven-3.2.1"/>
    <property name="file.separator" value="/"/>
    <property name="java.vendor.url.bug" value="http://bugreport.sun.com/bugreport/"/>
    <property name="sun.cpu.endian" value="little"/>
    <property name="sun.io.unicode.encoding" value="UnicodeLittle"/>
    <property name="sun.desktop" value="gnome"/>
    <property name="sun.cpu.isalist" value=""/>
  </properties>
  <testcase classname="com.baobaotao.place.TestPropertyPlace" name="test" time="0.219">
    <error message="javax.crypto.IllegalBlockSizeException: Input length must be multiple of 8 when decrypting with padded cipher" type="java.lang.RuntimeException">java.lang.RuntimeException: javax.crypto.IllegalBlockSizeException: Input length must be multiple of 8 when decrypting with padded cipher
	at com.baobaotao.placeholder.DESUtils.getDecryptString(DESUtils.java:62)
	at com.baobaotao.placeholder.EncryptPropertyPlaceholderConfigurer.convertProperty(EncryptPropertyPlaceholderConfigurer.java:11)
	at org.springframework.beans.factory.config.PropertyResourceConfigurer.convertProperties(PropertyResourceConfigurer.java:106)
	at org.springframework.beans.factory.config.PropertyResourceConfigurer.postProcessBeanFactory(PropertyResourceConfigurer.java:83)
	at org.springframework.context.support.PostProcessorRegistrationDelegate.invokeBeanFactoryPostProcessors(PostProcessorRegistrationDelegate.java:284)
	at org.springframework.context.support.PostProcessorRegistrationDelegate.invokeBeanFactoryPostProcessors(PostProcessorRegistrationDelegate.java:166)
	at org.springframework.context.support.AbstractApplicationContext.invokeBeanFactoryPostProcessors(AbstractApplicationContext.java:677)
	at org.springframework.context.support.AbstractApplicationContext.refresh(AbstractApplicationContext.java:519)
	at org.springframework.context.support.ClassPathXmlApplicationContext.&lt;init&gt;(ClassPathXmlApplicationContext.java:139)
	at org.springframework.context.support.ClassPathXmlApplicationContext.&lt;init&gt;(ClassPathXmlApplicationContext.java:93)
	at com.baobaotao.place.TestPropertyPlace.setUp(TestPropertyPlace.java:14)
	at junit.framework.TestCase.runBare(TestCase.java:139)
	at junit.framework.TestResult$1.protect(TestResult.java:122)
	at junit.framework.TestResult.runProtected(TestResult.java:142)
	at junit.framework.TestResult.run(TestResult.java:125)
	at junit.framework.TestCase.run(TestCase.java:129)
	at junit.framework.TestSuite.runTest(TestSuite.java:255)
	at junit.framework.TestSuite.run(TestSuite.java:250)
	at org.junit.internal.runners.JUnit38ClassRunner.run(JUnit38ClassRunner.java:84)
	at org.apache.maven.surefire.junit4.JUnit4Provider.execute(JUnit4Provider.java:252)
	at org.apache.maven.surefire.junit4.JUnit4Provider.executeTestSet(JUnit4Provider.java:141)
	at org.apache.maven.surefire.junit4.JUnit4Provider.invoke(JUnit4Provider.java:112)
	at sun.reflect.NativeMethodAccessorImpl.invoke0(Native Method)
	at sun.reflect.NativeMethodAccessorImpl.invoke(NativeMethodAccessorImpl.java:62)
	at sun.reflect.DelegatingMethodAccessorImpl.invoke(DelegatingMethodAccessorImpl.java:43)
	at java.lang.reflect.Method.invoke(Method.java:483)
	at org.apache.maven.surefire.util.ReflectionUtils.invokeMethodWithArray(ReflectionUtils.java:189)
	at org.apache.maven.surefire.booter.ProviderFactory$ProviderProxy.invoke(ProviderFactory.java:165)
	at org.apache.maven.surefire.booter.ProviderFactory.invokeProvider(ProviderFactory.java:85)
	at org.apache.maven.surefire.booter.ForkedBooter.runSuitesInProcess(ForkedBooter.java:115)
	at org.apache.maven.surefire.booter.ForkedBooter.main(ForkedBooter.java:75)
Caused by: javax.crypto.IllegalBlockSizeException: Input length must be multiple of 8 when decrypting with padded cipher
	at com.sun.crypto.provider.CipherCore.doFinal(CipherCore.java:913)
	at com.sun.crypto.provider.CipherCore.doFinal(CipherCore.java:824)
	at com.sun.crypto.provider.DESCipher.engineDoFinal(DESCipher.java:314)
	at javax.crypto.Cipher.doFinal(Cipher.java:2121)
	at com.baobaotao.placeholder.DESUtils.getDecryptString(DESUtils.java:59)
	... 30 more
</error>
    <system-out>2016-02-01 19:34:13,784  INFO [main] (AbstractApplicationContext.java:577) - Refreshing org.springframework.context.support.ClassPathXmlApplicationContext@551bdc27: startup date [Mon Feb 01 19:34:13 CST 2016]; root of context hierarchy
2016-02-01 19:34:13,786  INFO [main] (XmlBeanDefinitionReader.java:317) - Loading XML bean definitions from class path resource [placeholder/beans.xml]
2016-02-01 19:34:13,962  INFO [main] (PropertiesLoaderSupport.java:172) - Loading properties file from class path resource [placeholder/jdbc.properties]
2016-02-01 19:34:13,966  INFO [main] (PropertiesLoaderSupport.java:172) - Loading properties file from class path resource [placeholder/jdbc.properties]
</system-out>
  </testcase>
</testsuite>